0 verbose cli /usr/local/bin/node /usr/local/bin/npm
1 info using npm@11.6.2
2 info using node@v24.13.0
3 silly config load:file:/usr/local/lib/node_modules/npm/npmrc
4 silly config load:file:/Users/Lena/acquirenow/.npmrc
5 silly config load:file:/Users/Lena/.npmrc
6 silly config load:file:/usr/local/etc/npmrc
7 verbose title npm install rss-parser
8 verbose argv "install" "rss-parser" "--cache" "./.npm-cache"
9 verbose logfile logs-max:10 dir:/Users/Lena/acquirenow/.npm-cache/_logs/2026-04-13T21_53_59_435Z-
10 verbose logfile /Users/Lena/acquirenow/.npm-cache/_logs/2026-04-13T21_53_59_435Z-debug-0.log
11 silly logfile done cleaning log files
12 silly packumentCache heap:4496293888 maxSize:1124073472 maxEntrySize:562036736
13 silly idealTree buildDeps
14 silly fetch manifest rss-parser@*
15 silly packumentCache full:https://registry.npmjs.org/rss-parser cache-miss
16 http fetch GET 200 https://registry.npmjs.org/rss-parser 385ms (cache miss)
17 silly packumentCache full:https://registry.npmjs.org/rss-parser set size:undefined disposed:false
18 silly placeDep ROOT rss-parser@3.13.0 OK for: acquirenow@0.1.0 want: *
19 silly fetch manifest entities@^2.0.3
20 silly packumentCache full:https://registry.npmjs.org/entities cache-miss
21 silly fetch manifest xml2js@^0.5.0
22 silly packumentCache full:https://registry.npmjs.org/xml2js cache-miss
23 http fetch GET 200 https://registry.npmjs.org/xml2js 50ms (cache miss)
24 silly packumentCache full:https://registry.npmjs.org/xml2js set size:undefined disposed:false
25 http fetch GET 200 https://registry.npmjs.org/entities 102ms (cache revalidated)
26 silly packumentCache full:https://registry.npmjs.org/entities set size:101550 disposed:false
27 silly fetch manifest @floating-ui/dom@^1.0.0
28 silly packumentCache full:https://registry.npmjs.org/@floating-ui%2fdom cache-miss
29 http fetch GET 200 https://registry.npmjs.org/@floating-ui%2fdom 54ms (cache revalidated)
30 silly packumentCache full:https://registry.npmjs.org/@floating-ui%2fdom set size:251540 disposed:false
31 silly placeDep ROOT @floating-ui/dom@1.7.6 OK for: @tiptap/extension-bubble-menu@3.22.3 want: ^1.0.0
32 silly placeDep node_modules/rss-parser entities@2.2.0 OK for: rss-parser@3.13.0 want: ^2.0.3
33 silly placeDep ROOT xml2js@0.5.0 OK for: rss-parser@3.13.0 want: ^0.5.0
34 silly fetch manifest sax@>=0.6.0
35 silly packumentCache full:https://registry.npmjs.org/sax cache-miss
36 silly fetch manifest xmlbuilder@~11.0.0
37 silly packumentCache full:https://registry.npmjs.org/xmlbuilder cache-miss
38 http fetch GET 200 https://registry.npmjs.org/xmlbuilder 43ms (cache miss)
39 silly packumentCache full:https://registry.npmjs.org/xmlbuilder set size:undefined disposed:false
40 http fetch GET 200 https://registry.npmjs.org/sax 58ms (cache miss)
41 silly packumentCache full:https://registry.npmjs.org/sax set size:undefined disposed:false
42 silly placeDep ROOT sax@1.6.0 OK for: xml2js@0.5.0 want: >=0.6.0
43 silly placeDep ROOT xmlbuilder@11.0.1 OK for: xml2js@0.5.0 want: ~11.0.0
44 silly reify moves {}
45 silly audit bulk request {
45 silly audit   '@alloc/quick-lru': [ '5.2.0' ],
45 silly audit   '@babel/code-frame': [ '7.29.0' ],
45 silly audit   '@babel/compat-data': [ '7.29.0' ],
45 silly audit   '@babel/core': [ '7.29.0' ],
45 silly audit   '@babel/generator': [ '7.29.1' ],
45 silly audit   '@babel/helper-compilation-targets': [ '7.28.6' ],
45 silly audit   '@babel/helper-globals': [ '7.28.0' ],
45 silly audit   '@babel/helper-module-imports': [ '7.28.6' ],
45 silly audit   '@babel/helper-module-transforms': [ '7.28.6' ],
45 silly audit   '@babel/helper-string-parser': [ '7.27.1' ],
45 silly audit   '@babel/helper-validator-identifier': [ '7.28.5' ],
45 silly audit   '@babel/helper-validator-option': [ '7.27.1' ],
45 silly audit   '@babel/helpers': [ '7.29.2' ],
45 silly audit   '@babel/parser': [ '7.29.2' ],
45 silly audit   '@babel/template': [ '7.28.6' ],
45 silly audit   '@babel/traverse': [ '7.29.0' ],
45 silly audit   '@babel/types': [ '7.29.0' ],
45 silly audit   '@emnapi/core': [ '1.9.2' ],
45 silly audit   '@emnapi/runtime': [ '1.9.2' ],
45 silly audit   '@emnapi/wasi-threads': [ '1.2.1' ],
45 silly audit   '@eslint-community/eslint-utils': [ '4.9.1' ],
45 silly audit   'eslint-visitor-keys': [ '3.4.3', '5.0.1', '4.2.1' ],
45 silly audit   '@eslint-community/regexpp': [ '4.12.2' ],
45 silly audit   '@eslint/config-array': [ '0.21.2' ],
45 silly audit   '@eslint/config-helpers': [ '0.4.2' ],
45 silly audit   '@eslint/core': [ '0.17.0' ],
45 silly audit   '@eslint/eslintrc': [ '3.3.5' ],
45 silly audit   '@eslint/js': [ '9.39.4' ],
45 silly audit   '@eslint/object-schema': [ '2.1.7' ],
45 silly audit   '@eslint/plugin-kit': [ '0.4.1' ],
45 silly audit   '@floating-ui/core': [ '1.7.5' ],
45 silly audit   '@floating-ui/utils': [ '0.2.11' ],
45 silly audit   '@humanfs/core': [ '0.19.1' ],
45 silly audit   '@humanfs/node': [ '0.16.7' ],
45 silly audit   '@humanwhocodes/module-importer': [ '1.0.1' ],
45 silly audit   '@humanwhocodes/retry': [ '0.4.3' ],
45 silly audit   '@img/colour': [ '1.1.0' ],
45 silly audit   '@img/sharp-darwin-arm64': [ '0.34.5' ],
45 silly audit   '@img/sharp-darwin-x64': [ '0.34.5' ],
45 silly audit   '@img/sharp-libvips-darwin-arm64': [ '1.2.4' ],
45 silly audit   '@img/sharp-libvips-darwin-x64': [ '1.2.4' ],
45 silly audit   '@img/sharp-libvips-linux-arm': [ '1.2.4' ],
45 silly audit   '@img/sharp-libvips-linux-arm64': [ '1.2.4' ],
45 silly audit   '@img/sharp-libvips-linux-ppc64': [ '1.2.4' ],
45 silly audit   '@img/sharp-libvips-linux-riscv64': [ '1.2.4' ],
45 silly audit   '@img/sharp-libvips-linux-s390x': [ '1.2.4' ],
45 silly audit   '@img/sharp-libvips-linux-x64': [ '1.2.4' ],
45 silly audit   '@img/sharp-libvips-linuxmusl-arm64': [ '1.2.4' ],
45 silly audit   '@img/sharp-libvips-linuxmusl-x64': [ '1.2.4' ],
45 silly audit   '@img/sharp-linux-arm': [ '0.34.5' ],
45 silly audit   '@img/sharp-linux-arm64': [ '0.34.5' ],
45 silly audit   '@img/sharp-linux-ppc64': [ '0.34.5' ],
45 silly audit   '@img/sharp-linux-riscv64': [ '0.34.5' ],
45 silly audit   '@img/sharp-linux-s390x': [ '0.34.5' ],
45 silly audit   '@img/sharp-linux-x64': [ '0.34.5' ],
45 silly audit   '@img/sharp-linuxmusl-arm64': [ '0.34.5' ],
45 silly audit   '@img/sharp-linuxmusl-x64': [ '0.34.5' ],
45 silly audit   '@img/sharp-wasm32': [ '0.34.5' ],
45 silly audit   '@img/sharp-win32-arm64': [ '0.34.5' ],
45 silly audit   '@img/sharp-win32-ia32': [ '0.34.5' ],
45 silly audit   '@img/sharp-win32-x64': [ '0.34.5' ],
45 silly audit   '@jridgewell/gen-mapping': [ '0.3.13' ],
45 silly audit   '@jridgewell/remapping': [ '2.3.5' ],
45 silly audit   '@jridgewell/resolve-uri': [ '3.1.2' ],
45 silly audit   '@jridgewell/sourcemap-codec': [ '1.5.5' ],
45 silly audit   '@jridgewell/trace-mapping': [ '0.3.31' ],
45 silly audit   '@napi-rs/wasm-runtime': [ '0.2.12' ],
45 silly audit   '@next/env': [ '16.2.3' ],
45 silly audit   '@next/eslint-plugin-next': [ '16.2.3' ],
45 silly audit   '@next/swc-darwin-arm64': [ '16.2.3' ],
45 silly audit   '@next/swc-darwin-x64': [ '16.2.3' ],
45 silly audit   '@next/swc-linux-arm64-gnu': [ '16.2.3' ],
45 silly audit   '@next/swc-linux-arm64-musl': [ '16.2.3' ],
45 silly audit   '@next/swc-linux-x64-gnu': [ '16.2.3' ],
45 silly audit   '@next/swc-linux-x64-musl': [ '16.2.3' ],
45 silly audit   '@next/swc-win32-arm64-msvc': [ '16.2.3' ],
45 silly audit   '@next/swc-win32-x64-msvc': [ '16.2.3' ],
45 silly audit   '@nodelib/fs.scandir': [ '2.1.5' ],
45 silly audit   '@nodelib/fs.stat': [ '2.0.5' ],
45 silly audit   '@nodelib/fs.walk': [ '1.2.8' ],
45 silly audit   '@nolyfill/is-core-module': [ '1.0.39' ],
45 silly audit   '@remirror/core-constants': [ '3.0.0' ],
45 silly audit   '@rtsao/scc': [ '1.1.0' ],
45 silly audit   '@supabase/auth-js': [ '2.103.0' ],
45 silly audit   '@supabase/functions-js': [ '2.103.0' ],
45 silly audit   '@supabase/phoenix': [ '0.4.0' ],
45 silly audit   '@supabase/postgrest-js': [ '2.103.0' ],
45 silly audit   '@supabase/realtime-js': [ '2.103.0' ],
45 silly audit   '@supabase/ssr': [ '0.10.2' ],
45 silly audit   '@supabase/storage-js': [ '2.103.0' ],
45 silly audit   '@supabase/supabase-js': [ '2.103.0' ],
45 silly audit   '@swc/helpers': [ '0.5.15' ],
45 silly audit   '@tailwindcss/node': [ '4.2.2' ],
45 silly audit   '@tailwindcss/oxide': [ '4.2.2' ],
45 silly audit   '@tailwindcss/oxide-android-arm64': [ '4.2.2' ],
45 silly audit   '@tailwindcss/oxide-darwin-arm64': [ '4.2.2' ],
45 silly audit   '@tailwindcss/oxide-darwin-x64': [ '4.2.2' ],
45 silly audit   '@tailwindcss/oxide-freebsd-x64': [ '4.2.2' ],
45 silly audit   '@tailwindcss/oxide-linux-arm-gnueabihf': [ '4.2.2' ],
45 silly audit   '@tailwindcss/oxide-linux-arm64-gnu': [ '4.2.2' ],
45 silly audit   '@tailwindcss/oxide-linux-arm64-musl': [ '4.2.2' ],
45 silly audit   '@tailwindcss/oxide-linux-x64-gnu': [ '4.2.2' ],
45 silly audit   '@tailwindcss/oxide-linux-x64-musl': [ '4.2.2' ],
45 silly audit   '@tailwindcss/oxide-wasm32-wasi': [ '4.2.2' ],
45 silly audit   '@tailwindcss/oxide-win32-arm64-msvc': [ '4.2.2' ],
45 silly audit   '@tailwindcss/oxide-win32-x64-msvc': [ '4.2.2' ],
45 silly audit   '@tailwindcss/postcss': [ '4.2.2' ],
45 silly audit   '@tiptap/core': [ '3.22.3' ],
45 silly audit   '@tiptap/extension-blockquote': [ '3.22.3' ],
45 silly audit   '@tiptap/extension-bold': [ '3.22.3' ],
45 silly audit   '@tiptap/extension-bubble-menu': [ '3.22.3' ],
45 silly audit   '@tiptap/extension-bullet-list': [ '3.22.3' ],
45 silly audit   '@tiptap/extension-code': [ '3.22.3' ],
45 silly audit   '@tiptap/extension-code-block': [ '3.22.3' ],
45 silly audit   '@tiptap/extension-document': [ '3.22.3' ],
45 silly audit   '@tiptap/extension-dropcursor': [ '3.22.3' ],
45 silly audit   '@tiptap/extension-floating-menu': [ '3.22.3' ],
45 silly audit   '@tiptap/extension-gapcursor': [ '3.22.3' ],
45 silly audit   '@tiptap/extension-hard-break': [ '3.22.3' ],
45 silly audit   '@tiptap/extension-heading': [ '3.22.3' ],
45 silly audit   '@tiptap/extension-horizontal-rule': [ '3.22.3' ],
45 silly audit   '@tiptap/extension-image': [ '3.22.3' ],
45 silly audit   '@tiptap/extension-italic': [ '3.22.3' ],
45 silly audit   '@tiptap/extension-link': [ '3.22.3' ],
45 silly audit   '@tiptap/extension-list': [ '3.22.3' ],
45 silly audit   '@tiptap/extension-list-item': [ '3.22.3' ],
45 silly audit   '@tiptap/extension-list-keymap': [ '3.22.3' ],
45 silly audit   '@tiptap/extension-ordered-list': [ '3.22.3' ],
45 silly audit   '@tiptap/extension-paragraph': [ '3.22.3' ],
45 silly audit   '@tiptap/extension-strike': [ '3.22.3' ],
45 silly audit   '@tiptap/extension-text': [ '3.22.3' ],
45 silly audit   '@tiptap/extension-underline': [ '3.22.3' ],
45 silly audit   '@tiptap/extensions': [ '3.22.3' ],
45 silly audit   '@tiptap/pm': [ '3.22.3' ],
45 silly audit   '@tiptap/react': [ '3.22.3' ],
45 silly audit   '@tiptap/starter-kit': [ '3.22.3' ],
45 silly audit   '@tybys/wasm-util': [ '0.10.1' ],
45 silly audit   '@types/estree': [ '1.0.8' ],
45 silly audit   '@types/json-schema': [ '7.0.15' ],
45 silly audit   '@types/json5': [ '0.0.29' ],
45 silly audit   '@types/linkify-it': [ '5.0.0' ],
45 silly audit   '@types/markdown-it': [ '14.1.2' ],
45 silly audit   '@types/mdurl': [ '2.0.0' ],
45 silly audit   '@types/node': [ '20.19.39' ],
45 silly audit   '@types/react': [ '19.2.14' ],
45 silly audit   '@types/react-dom': [ '19.2.3' ],
45 silly audit   '@types/use-sync-external-store': [ '0.0.6' ],
45 silly audit   '@types/ws': [ '8.18.1' ],
45 silly audit   '@typescript-eslint/eslint-plugin': [ '8.58.2' ],
45 silly audit   ignore: [ '7.0.5', '5.3.2' ],
45 silly audit   '@typescript-eslint/parser': [ '8.58.2' ],
45 silly audit   '@typescript-eslint/project-service': [ '8.58.2' ],
45 silly audit   '@typescript-eslint/scope-manager': [ '8.58.2' ],
45 silly audit   '@typescript-eslint/tsconfig-utils': [ '8.58.2' ],
45 silly audit   '@typescript-eslint/type-utils': [ '8.58.2' ],
45 silly audit   '@typescript-eslint/types': [ '8.58.2' ],
45 silly audit   '@typescript-eslint/typescript-estree': [ '8.58.2' ],
45 silly audit   'balanced-match': [ '4.0.4', '1.0.2' ],
45 silly audit   'brace-expansion': [ '5.0.5', '1.1.14' ],
45 silly audit   minimatch: [ '10.2.5', '3.1.5' ],
45 silly audit   semver: [ '7.7.4', '6.3.1' ],
45 silly audit   '@typescript-eslint/utils': [ '8.58.2' ],
45 silly audit   '@typescript-eslint/visitor-keys': [ '8.58.2' ],
45 silly audit   '@unrs/resolver-binding-android-arm-eabi': [ '1.11.1' ],
45 silly audit   '@unrs/resolver-binding-android-arm64': [ '1.11.1' ],
45 silly audit   '@unrs/resolver-binding-darwin-arm64': [ '1.11.1' ],
45 silly audit   '@unrs/resolver-binding-darwin-x64': [ '1.11.1' ],
45 silly audit   '@unrs/resolver-binding-freebsd-x64': [ '1.11.1' ],
45 silly audit   '@unrs/resolver-binding-linux-arm-gnueabihf': [ '1.11.1' ],
45 silly audit   '@unrs/resolver-binding-linux-arm-musleabihf': [ '1.11.1' ],
45 silly audit   '@unrs/resolver-binding-linux-arm64-gnu': [ '1.11.1' ],
45 silly audit   '@unrs/resolver-binding-linux-arm64-musl': [ '1.11.1' ],
45 silly audit   '@unrs/resolver-binding-linux-ppc64-gnu': [ '1.11.1' ],
45 silly audit   '@unrs/resolver-binding-linux-riscv64-gnu': [ '1.11.1' ],
45 silly audit   '@unrs/resolver-binding-linux-riscv64-musl': [ '1.11.1' ],
45 silly audit   '@unrs/resolver-binding-linux-s390x-gnu': [ '1.11.1' ],
45 silly audit   '@unrs/resolver-binding-linux-x64-gnu': [ '1.11.1' ],
45 silly audit   '@unrs/resolver-binding-linux-x64-musl': [ '1.11.1' ],
45 silly audit   '@unrs/resolver-binding-wasm32-wasi': [ '1.11.1' ],
45 silly audit   '@unrs/resolver-binding-win32-arm64-msvc': [ '1.11.1' ],
45 silly audit   '@unrs/resolver-binding-win32-ia32-msvc': [ '1.11.1' ],
45 silly audit   '@unrs/resolver-binding-win32-x64-msvc': [ '1.11.1' ],
45 silly audit   acorn: [ '8.16.0' ],
45 silly audit   'acorn-jsx': [ '5.3.2' ],
45 silly audit   ajv: [ '6.14.0' ],
45 silly audit   'ansi-styles': [ '4.3.0' ],
45 silly audit   argparse: [ '2.0.1' ],
45 silly audit   'aria-query': [ '5.3.2' ],
45 silly audit   'array-buffer-byte-length': [ '1.0.2' ],
45 silly audit   'array-includes': [ '3.1.9' ],
45 silly audit   'array.prototype.findlast': [ '1.2.5' ],
45 silly audit   'array.prototype.findlastindex': [ '1.2.6' ],
45 silly audit   'array.prototype.flat': [ '1.3.3' ],
45 silly audit   'array.prototype.flatmap': [ '1.3.3' ],
45 silly audit   'array.prototype.tosorted': [ '1.1.4' ],
45 silly audit   'arraybuffer.prototype.slice': [ '1.0.4' ],
45 silly audit   'ast-types-flow': [ '0.0.8' ],
45 silly audit   'async-function': [ '1.0.0' ],
45 silly audit   'available-typed-arrays': [ '1.0.7' ],
45 silly audit   'axe-core': [ '4.11.3' ],
45 silly audit   'axobject-query': [ '4.1.0' ],
45 silly audit   'baseline-browser-mapping': [ '2.10.18' ],
45 silly audit   braces: [ '3.0.3' ],
45 silly audit   browserslist: [ '4.28.2' ],
45 silly audit   'call-bind': [ '1.0.9' ],
45 silly audit   'call-bind-apply-helpers': [ '1.0.2' ],
45 silly audit   'call-bound': [ '1.0.4' ],
45 silly audit   callsites: [ '3.1.0' ],
45 silly audit   'caniuse-lite': [ '1.0.30001787' ],
45 silly audit   chalk: [ '4.1.2' ],
45 silly audit   'client-only': [ '0.0.1' ],
45 silly audit   clsx: [ '2.1.1' ],
45 silly audit   'color-convert': [ '2.0.1' ],
45 silly audit   'color-name': [ '1.1.4' ],
45 silly audit   'concat-map': [ '0.0.1' ],
45 silly audit   'convert-source-map': [ '2.0.0' ],
45 silly audit   cookie: [ '1.1.1' ],
45 silly audit   crelt: [ '1.0.6' ],
45 silly audit   'cross-spawn': [ '7.0.6' ],
45 silly audit   csstype: [ '3.2.3' ],
45 silly audit   'damerau-levenshtein': [ '1.0.8' ],
45 silly audit   'data-view-buffer': [ '1.0.2' ],
45 silly audit   'data-view-byte-length': [ '1.0.2' ],
45 silly audit   'data-view-byte-offset': [ '1.0.1' ],
45 silly audit   debug: [ '4.4.3', '3.2.7' ],
45 silly audit   'deep-is': [ '0.1.4' ],
45 silly audit   'define-data-property': [ '1.1.4' ],
45 silly audit   'define-properties': [ '1.2.1' ],
45 silly audit   'detect-libc': [ '2.1.2' ],
45 silly audit   doctrine: [ '2.1.0' ],
45 silly audit   'dunder-proto': [ '1.0.1' ],
45 silly audit   'electron-to-chromium': [ '1.5.335' ],
45 silly audit   'emoji-regex': [ '9.2.2' ],
45 silly audit   'enhanced-resolve': [ '5.20.1' ],
45 silly audit   entities: [ '4.5.0', '2.2.0' ],
45 silly audit   'es-abstract': [ '1.24.2' ],
45 silly audit   'es-define-property': [ '1.0.1' ],
45 silly audit   'es-errors': [ '1.3.0' ],
45 silly audit   'es-iterator-helpers': [ '1.3.2' ],
45 silly audit   'es-object-atoms': [ '1.1.1' ],
45 silly audit   'es-set-tostringtag': [ '2.1.0' ],
45 silly audit   'es-shim-unscopables': [ '1.1.0' ],
45 silly audit   'es-to-primitive': [ '1.3.0' ],
45 silly audit   escalade: [ '3.2.0' ],
45 silly audit   'escape-string-regexp': [ '4.0.0' ],
45 silly audit   eslint: [ '9.39.4' ],
45 silly audit   'eslint-config-next': [ '16.2.3' ],
45 silly audit   globals: [ '16.4.0', '14.0.0' ],
45 silly audit   'eslint-import-resolver-node': [ '0.3.10' ],
45 silly audit   'eslint-import-resolver-typescript': [ '3.10.1' ],
45 silly audit   'eslint-module-utils': [ '2.12.1' ],
45 silly audit   'eslint-plugin-import': [ '2.32.0' ],
45 silly audit   'eslint-plugin-jsx-a11y': [ '6.10.2' ],
45 silly audit   'eslint-plugin-react': [ '7.37.5' ],
45 silly audit   'eslint-plugin-react-hooks': [ '7.0.1' ],
45 silly audit   'eslint-scope': [ '8.4.0' ],
45 silly audit   espree: [ '10.4.0' ],
45 silly audit   esquery: [ '1.7.0' ],
45 silly audit   esrecurse: [ '4.3.0' ],
45 silly audit   estraverse: [ '5.3.0' ],
45 silly audit   esutils: [ '2.0.3' ],
45 silly audit   'fast-deep-equal': [ '3.1.3' ],
45 silly audit   'fast-equals': [ '5.4.0' ],
45 silly audit   'fast-glob': [ '3.3.1' ],
45 silly audit   'glob-parent': [ '5.1.2', '6.0.2' ],
45 silly audit   'fast-json-stable-stringify': [ '2.1.0' ],
45 silly audit   'fast-levenshtein': [ '2.0.6' ],
45 silly audit   fastq: [ '1.20.1' ],
45 silly audit   'file-entry-cache': [ '8.0.0' ],
45 silly audit   'fill-range': [ '7.1.1' ],
45 silly audit   'find-up': [ '5.0.0' ],
45 silly audit   'flat-cache': [ '4.0.1' ],
45 silly audit   flatted: [ '3.4.2' ],
45 silly audit   'for-each': [ '0.3.5' ],
45 silly audit   'function-bind': [ '1.1.2' ],
45 silly audit   'function.prototype.name': [ '1.1.8' ],
45 silly audit   'functions-have-names': [ '1.2.3' ],
45 silly audit   'generator-function': [ '2.0.1' ],
45 silly audit   gensync: [ '1.0.0-beta.2' ],
45 silly audit   'get-intrinsic': [ '1.3.0' ],
45 silly audit   'get-proto': [ '1.0.1' ],
45 silly audit   'get-symbol-description': [ '1.1.0' ],
45 silly audit   'get-tsconfig': [ '4.13.7' ],
45 silly audit   globalthis: [ '1.0.4' ],
45 silly audit   gopd: [ '1.2.0' ],
45 silly audit   'graceful-fs': [ '4.2.11' ],
45 silly audit   'has-bigints': [ '1.1.0' ],
45 silly audit   'has-flag': [ '4.0.0' ],
45 silly audit   'has-property-descriptors': [ '1.0.2' ],
45 silly audit   'has-proto': [ '1.2.0' ],
45 silly audit   'has-symbols': [ '1.1.0' ],
45 silly audit   'has-tostringtag': [ '1.0.2' ],
45 silly audit   hasown: [ '2.0.2' ],
45 silly audit   'hermes-estree': [ '0.25.1' ],
45 silly audit   'hermes-parser': [ '0.25.1' ],
45 silly audit   'iceberg-js': [ '0.8.1' ],
45 silly audit   'import-fresh': [ '3.3.1' ],
45 silly audit   imurmurhash: [ '0.1.4' ],
45 silly audit   'internal-slot': [ '1.1.0' ],
45 silly audit   'is-array-buffer': [ '3.0.5' ],
45 silly audit   'is-async-function': [ '2.1.1' ],
45 silly audit   'is-bigint': [ '1.1.0' ],
45 silly audit   'is-boolean-object': [ '1.2.2' ],
45 silly audit   'is-bun-module': [ '2.0.0' ],
45 silly audit   'is-callable': [ '1.2.7' ],
45 silly audit   'is-core-module': [ '2.16.1' ],
45 silly audit   'is-data-view': [ '1.0.2' ],
45 silly audit   'is-date-object': [ '1.1.0' ],
45 silly audit   'is-extglob': [ '2.1.1' ],
45 silly audit   'is-finalizationregistry': [ '1.1.1' ],
45 silly audit   'is-generator-function': [ '1.1.2' ],
45 silly audit   'is-glob': [ '4.0.3' ],
45 silly audit   'is-map': [ '2.0.3' ],
45 silly audit   'is-negative-zero': [ '2.0.3' ],
45 silly audit   'is-number': [ '7.0.0' ],
45 silly audit   'is-number-object': [ '1.1.1' ],
45 silly audit   'is-regex': [ '1.2.1' ],
45 silly audit   'is-set': [ '2.0.3' ],
45 silly audit   'is-shared-array-buffer': [ '1.0.4' ],
45 silly audit   'is-string': [ '1.1.1' ],
45 silly audit   'is-symbol': [ '1.1.1' ],
45 silly audit   'is-typed-array': [ '1.1.15' ],
45 silly audit   'is-weakmap': [ '2.0.2' ],
45 silly audit   'is-weakref': [ '1.1.1' ],
45 silly audit   'is-weakset': [ '2.0.4' ],
45 silly audit   isarray: [ '2.0.5' ],
45 silly audit   isexe: [ '2.0.0' ],
45 silly audit   'iterator.prototype': [ '1.1.5' ],
45 silly audit   jiti: [ '2.6.1' ],
45 silly audit   'js-tokens': [ '4.0.0' ],
45 silly audit   'js-yaml': [ '4.1.1' ],
45 silly audit   jsesc: [ '3.1.0' ],
45 silly audit   'json-buffer': [ '3.0.1' ],
45 silly audit   'json-schema-traverse': [ '0.4.1' ],
45 silly audit   'json-stable-stringify-without-jsonify': [ '1.0.1' ],
45 silly audit   json5: [ '2.2.3', '1.0.2' ],
45 silly audit   'jsx-ast-utils': [ '3.3.5' ],
45 silly audit   keyv: [ '4.5.4' ],
45 silly audit   'language-subtag-registry': [ '0.3.23' ],
45 silly audit   'language-tags': [ '1.0.9' ],
45 silly audit   levn: [ '0.4.1' ],
45 silly audit   lightningcss: [ '1.32.0' ],
45 silly audit   'lightningcss-android-arm64': [ '1.32.0' ],
45 silly audit   'lightningcss-darwin-arm64': [ '1.32.0' ],
45 silly audit   'lightningcss-darwin-x64': [ '1.32.0' ],
45 silly audit   'lightningcss-freebsd-x64': [ '1.32.0' ],
45 silly audit   'lightningcss-linux-arm-gnueabihf': [ '1.32.0' ],
45 silly audit   'lightningcss-linux-arm64-gnu': [ '1.32.0' ],
45 silly audit   'lightningcss-linux-arm64-musl': [ '1.32.0' ],
45 silly audit   'lightningcss-linux-x64-gnu': [ '1.32.0' ],
45 silly audit   'lightningcss-linux-x64-musl': [ '1.32.0' ],
45 silly audit   'lightningcss-win32-arm64-msvc': [ '1.32.0' ],
45 silly audit   'lightningcss-win32-x64-msvc': [ '1.32.0' ],
45 silly audit   'linkify-it': [ '5.0.0' ],
45 silly audit   linkifyjs: [ '4.3.2' ],
45 silly audit   'locate-path': [ '6.0.0' ],
45 silly audit   'lodash.merge': [ '4.6.2' ],
45 silly audit   'loose-envify': [ '1.4.0' ],
45 silly audit   'lru-cache': [ '5.1.1' ],
45 silly audit   'lucide-react': [ '1.8.0' ],
45 silly audit   'magic-string': [ '0.30.21' ],
45 silly audit   'markdown-it': [ '14.1.1' ],
45 silly audit   'math-intrinsics': [ '1.1.0' ],
45 silly audit   mdurl: [ '2.0.0' ],
45 silly audit   merge2: [ '1.4.1' ],
45 silly audit   micromatch: [ '4.0.8' ],
45 silly audit   minimist: [ '1.2.8' ],
45 silly audit   ms: [ '2.1.3' ],
45 silly audit   nanoid: [ '3.3.11' ],
45 silly audit   'napi-postinstall': [ '0.3.4' ],
45 silly audit   'natural-compare': [ '1.4.0' ],
45 silly audit   next: [ '16.2.3' ],
45 silly audit   postcss: [ '8.4.31', '8.5.9' ],
45 silly audit   'node-exports-info': [ '1.6.0' ],
45 silly audit   'node-releases': [ '2.0.37' ],
45 silly audit   'object-assign': [ '4.1.1' ],
45 silly audit   'object-inspect': [ '1.13.4' ],
45 silly audit   'object-keys': [ '1.1.1' ],
45 silly audit   'object.assign': [ '4.1.7' ],
45 silly audit   'object.entries': [ '1.1.9' ],
45 silly audit   'object.fromentries': [ '2.0.8' ],
45 silly audit   'object.groupby': [ '1.0.3' ],
45 silly audit   'object.values': [ '1.2.1' ],
45 silly audit   optionator: [ '0.9.4' ],
45 silly audit   orderedmap: [ '2.1.1' ],
45 silly audit   'own-keys': [ '1.0.1' ],
45 silly audit   'p-limit': [ '3.1.0' ],
45 silly audit   'p-locate': [ '5.0.0' ],
45 silly audit   'parent-module': [ '1.0.1' ],
45 silly audit   'path-exists': [ '4.0.0' ],
45 silly audit   'path-key': [ '3.1.1' ],
45 silly audit   'path-parse': [ '1.0.7' ],
45 silly audit   picocolors: [ '1.1.1' ],
45 silly audit   picomatch: [ '2.3.2', '4.0.4' ],
45 silly audit   'possible-typed-array-names': [ '1.1.0' ],
45 silly audit   'prelude-ls': [ '1.2.1' ],
45 silly audit   'prop-types': [ '15.8.1' ],
45 silly audit   'prosemirror-changeset': [ '2.4.0' ],
45 silly audit   'prosemirror-collab': [ '1.3.1' ],
45 silly audit   'prosemirror-commands': [ '1.7.1' ],
45 silly audit   'prosemirror-dropcursor': [ '1.8.2' ],
45 silly audit   'prosemirror-gapcursor': [ '1.4.1' ],
45 silly audit   'prosemirror-history': [ '1.5.0' ],
45 silly audit   'prosemirror-inputrules': [ '1.5.1' ],
45 silly audit   'prosemirror-keymap': [ '1.2.3' ],
45 silly audit   'prosemirror-markdown': [ '1.13.4' ],
45 silly audit   'prosemirror-menu': [ '1.3.0' ],
45 silly audit   'prosemirror-model': [ '1.25.4' ],
45 silly audit   'prosemirror-schema-basic': [ '1.2.4' ],
45 silly audit   'prosemirror-schema-list': [ '1.5.1' ],
45 silly audit   'prosemirror-state': [ '1.4.4' ],
45 silly audit   'prosemirror-tables': [ '1.8.5' ],
45 silly audit   'prosemirror-trailing-node': [ '3.0.0' ],
45 silly audit   'prosemirror-transform': [ '1.12.0' ],
45 silly audit   'prosemirror-view': [ '1.41.8' ],
45 silly audit   punycode: [ '2.3.1' ],
45 silly audit   'punycode.js': [ '2.3.1' ],
45 silly audit   'queue-microtask': [ '1.2.3' ],
45 silly audit   react: [ '19.2.4' ],
45 silly audit   'react-dom': [ '19.2.4' ],
45 silly audit   'react-is': [ '16.13.1' ],
45 silly audit   'reflect.getprototypeof': [ '1.0.10' ],
45 silly audit   'regexp.prototype.flags': [ '1.5.4' ],
45 silly audit   resolve: [ '2.0.0-next.6' ],
45 silly audit   'resolve-from': [ '4.0.0' ],
45 silly audit   'resolve-pkg-maps': [ '1.0.0' ],
45 silly audit   reusify: [ '1.1.0' ],
45 silly audit   'rope-sequence': [ '1.3.4' ],
45 silly audit   'run-parallel': [ '1.2.0' ],
45 silly audit   'safe-array-concat': [ '1.1.3' ],
45 silly audit   'safe-push-apply': [ '1.0.0' ],
45 silly audit   'safe-regex-test': [ '1.1.0' ],
45 silly audit   scheduler: [ '0.27.0' ],
45 silly audit   'set-function-length': [ '1.2.2' ],
45 silly audit   'set-function-name': [ '2.0.2' ],
45 silly audit   'set-proto': [ '1.0.0' ],
45 silly audit   sharp: [ '0.34.5' ],
45 silly audit   'shebang-command': [ '2.0.0' ],
45 silly audit   'shebang-regex': [ '3.0.0' ],
45 silly audit   'side-channel': [ '1.1.0' ],
45 silly audit   'side-channel-list': [ '1.0.1' ],
45 silly audit   'side-channel-map': [ '1.0.1' ],
45 silly audit   'side-channel-weakmap': [ '1.0.2' ],
45 silly audit   'source-map-js': [ '1.2.1' ],
45 silly audit   'stable-hash': [ '0.0.5' ],
45 silly audit   'stop-iteration-iterator': [ '1.1.0' ],
45 silly audit   'string.prototype.includes': [ '2.0.1' ],
45 silly audit   'string.prototype.matchall': [ '4.0.12' ],
45 silly audit   'string.prototype.repeat': [ '1.0.0' ],
45 silly audit   'string.prototype.trim': [ '1.2.10' ],
45 silly audit   'string.prototype.trimend': [ '1.0.9' ],
45 silly audit   'string.prototype.trimstart': [ '1.0.8' ],
45 silly audit   'strip-bom': [ '3.0.0' ],
45 silly audit   'strip-json-comments': [ '3.1.1' ],
45 silly audit   'styled-jsx': [ '5.1.6' ],
45 silly audit   'supports-color': [ '7.2.0' ],
45 silly audit   'supports-preserve-symlinks-flag': [ '1.0.0' ],
45 silly audit   'tailwind-merge': [ '3.5.0' ],
45 silly audit   tailwindcss: [ '4.2.2' ],
45 silly audit   tapable: [ '2.3.2' ],
45 silly audit   tinyglobby: [ '0.2.16' ],
45 silly audit   fdir: [ '6.5.0' ],
45 silly audit   'to-regex-range': [ '5.0.1' ],
45 silly audit   'ts-api-utils': [ '2.5.0' ],
45 silly audit   'tsconfig-paths': [ '3.15.0' ],
45 silly audit   tslib: [ '2.8.1' ],
45 silly audit   'type-check': [ '0.4.0' ],
45 silly audit   'typed-array-buffer': [ '1.0.3' ],
45 silly audit   'typed-array-byte-length': [ '1.0.3' ],
45 silly audit   'typed-array-byte-offset': [ '1.0.4' ],
45 silly audit   'typed-array-length': [ '1.0.7' ],
45 silly audit   typescript: [ '5.9.3' ],
45 silly audit   'typescript-eslint': [ '8.58.2' ],
45 silly audit   'uc.micro': [ '2.1.0' ],
45 silly audit   'unbox-primitive': [ '1.1.0' ],
45 silly audit   'undici-types': [ '6.21.0' ],
45 silly audit   'unrs-resolver': [ '1.11.1' ],
45 silly audit   'update-browserslist-db': [ '1.2.3' ],
45 silly audit   'uri-js': [ '4.4.1' ],
45 silly audit   'use-sync-external-store': [ '1.6.0' ],
45 silly audit   'w3c-keyname': [ '2.2.8' ],
45 silly audit   which: [ '2.0.2' ],
45 silly audit   'which-boxed-primitive': [ '1.1.1' ],
45 silly audit   'which-builtin-type': [ '1.2.1' ],
45 silly audit   'which-collection': [ '1.0.2' ],
45 silly audit   'which-typed-array': [ '1.1.20' ],
45 silly audit   'word-wrap': [ '1.2.5' ],
45 silly audit   ws: [ '8.20.0' ],
45 silly audit   yallist: [ '3.1.1' ],
45 silly audit   'yocto-queue': [ '0.1.0' ],
45 silly audit   zod: [ '4.3.6' ],
45 silly audit   'zod-validation-error': [ '4.0.2' ],
45 silly audit   'rss-parser': [ '3.13.0' ],
45 silly audit   xml2js: [ '0.5.0' ],
45 silly audit   sax: [ '1.6.0' ],
45 silly audit   xmlbuilder: [ '11.0.1' ]
45 silly audit }
46 http cache xmlbuilder@https://registry.npmjs.org/xmlbuilder/-/xmlbuilder-11.0.1.tgz 0ms (cache hit)
47 http cache rss-parser@https://registry.npmjs.org/rss-parser/-/rss-parser-3.13.0.tgz 0ms (cache hit)
48 http cache sax@https://registry.npmjs.org/sax/-/sax-1.6.0.tgz 0ms (cache hit)
49 http cache xml2js@https://registry.npmjs.org/xml2js/-/xml2js-0.5.0.tgz 0ms (cache hit)
50 http cache entities@https://registry.npmjs.org/entities/-/entities-2.2.0.tgz 0ms (cache hit)
51 silly tarball no local data for xmlbuilder@https://registry.npmjs.org/xmlbuilder/-/xmlbuilder-11.0.1.tgz. Extracting by manifest.
52 silly tarball no local data for rss-parser@https://registry.npmjs.org/rss-parser/-/rss-parser-3.13.0.tgz. Extracting by manifest.
53 silly tarball no local data for sax@https://registry.npmjs.org/sax/-/sax-1.6.0.tgz. Extracting by manifest.
54 silly tarball no local data for xml2js@https://registry.npmjs.org/xml2js/-/xml2js-0.5.0.tgz. Extracting by manifest.
55 silly tarball no local data for entities@https://registry.npmjs.org/entities/-/entities-2.2.0.tgz. Extracting by manifest.
56 http fetch POST 200 https://registry.npmjs.org/-/npm/v1/security/advisories/bulk 64ms
57 silly audit report {}
58 http fetch GET 200 https://registry.npmjs.org/xmlbuilder/-/xmlbuilder-11.0.1.tgz 107ms (cache miss)
59 http fetch GET 200 https://registry.npmjs.org/xml2js/-/xml2js-0.5.0.tgz 135ms (cache miss)
60 http fetch GET 200 https://registry.npmjs.org/sax/-/sax-1.6.0.tgz 164ms (cache miss)
61 http fetch GET 200 https://registry.npmjs.org/entities/-/entities-2.2.0.tgz 168ms (cache miss)
62 http fetch GET 200 https://registry.npmjs.org/rss-parser/-/rss-parser-3.13.0.tgz 202ms (cache miss)
63 silly ADD node_modules/xmlbuilder
64 silly ADD node_modules/sax
65 silly ADD node_modules/xml2js
66 silly ADD node_modules/rss-parser
67 silly ADD node_modules/rss-parser/node_modules/entities
68 verbose cwd /Users/Lena/acquirenow
69 verbose os Darwin 24.6.0
70 verbose node v24.13.0
71 verbose npm  v11.6.2
72 verbose exit 0
73 info ok
